<?xml version="1.0" encoding="UTF-8"?>
<!-- Generated by org.testng.reporters.JUnitReportReporter -->
<testsuite hostname="DERIW42NLPC0802" failures="0" tests="1" name="com.automation.tests.Tc_Wallethub_Review" time="2.452" errors="0" timestamp="2021-05-03T03:02:17 IST" skipped="0">
  <testcase classname="com.automation.tests.Tc_Wallethub_Review" name="writeYourReview" time="2.452"/>
  <system-out/>
</testsuite> <!-- com.automation.tests.Tc_Wallethub_Review -->
